#
# There is insufficient memory for the Java Runtime Environment to continue.
# Native memory allocation (malloc) failed to allocate 335696 bytes for Chunk::new
# Possible reasons:
#   The system is out of physical RAM or swap space
#   In 32 bit mode, the process size limit was hit
# Possible solutions:
#   Reduce memory load on the system
#   Increase physical memory or swap space
#   Check if swap backing store is full
#   Use 64 bit Java on a 64 bit OS
#   Decrease Java heap size (-Xmx/-Xms)
#   Decrease number of Java threads
#   Decrease Java thread stack sizes (-Xss)
#   Set larger code cache with -XX:ReservedCodeCacheSize=
# This output file may be truncated or incomplete.
#
#  Out of Memory Error (allocation.cpp:390), pid=12928, tid=0x0000000000003204
#
# JRE version: Java(TM) SE Runtime Environment (8.0_121-b13) (build 1.8.0_121-b13)
# Java VM: Java HotSpot(TM) 64-Bit Server VM (25.121-b13 mixed mode windows-amd64 compressed oops)
# Failed to write core dump. Minidumps are not enabled by default on client versions of Windows
#

---------------  T H R E A D  ---------------

Current thread (0x0000000019d23000):  JavaThread "C2 CompilerThread1" daemon [_thread_in_native, id=12804, stack(0x000000001a6c0000,0x000000001a7c0000)]

Stack: [0x000000001a6c0000,0x000000001a7c0000]
[error occurred during error reporting (printing stack bounds), id 0xc0000005]

Native frames: (J=compiled Java code, j=interpreted, Vv=VM code, C=native code)


Current CompileTask:
C2:   1905 1376   !   4       java.net.URL::<init> (543 bytes)


---------------  P R O C E S S  ---------------

Java Threads: ( => current thread )
  0x0000000019d43800 JavaThread "Service Thread" daemon [_thread_blocked, id=17692, stack(0x000000001a9c0000,0x000000001aac0000)]
  0x0000000019d26000 JavaThread "C1 CompilerThread3" daemon [_thread_blocked, id=16188, stack(0x000000001a8c0000,0x000000001a9c0000)]
  0x0000000019875800 JavaThread "C2 CompilerThread2" daemon [_thread_in_native, id=13000, stack(0x000000001a7c0000,0x000000001a8c0000)]
=>0x0000000019d23000 JavaThread "C2 CompilerThread1" daemon [_thread_in_native, id=12804, stack(0x000000001a6c0000,0x000000001a7c0000)]
  0x00000000198be000 JavaThread "C2 CompilerThread0" daemon [_thread_in_native, id=11860, stack(0x000000001a5c0000,0x000000001a6c0000)]
  0x000000001987d800 JavaThread "Monitor Ctrl-Break" daemon [_thread_in_native, id=11848, stack(0x000000001a4c0000,0x000000001a5c0000)]
  0x00000000194ee800 JavaThread "Attach Listener" daemon [_thread_blocked, id=9108, stack(0x0000000019bc0000,0x0000000019cc0000)]
  0x00000000194ed000 JavaThread "Signal Dispatcher" daemon [_thread_blocked, id=8920, stack(0x0000000019ac0000,0x0000000019bc0000)]
  0x000000000296d800 JavaThread "Finalizer" daemon [_thread_blocked, id=2692, stack(0x00000000198c0000,0x00000000199c0000)]
  0x00000000175ed800 JavaThread "Reference Handler" daemon [_thread_blocked, id=1104, stack(0x00000000193c0000,0x00000000194c0000)]
  0x0000000002876000 JavaThread "main" [_thread_in_vm, id=9936, stack(0x0000000002600000,0x0000000002700000)]

Other Threads:
  0x00000000175e9000 VMThread [stack: 0x00000000192c0000,0x00000000193c0000] [id=11552]
  0x0000000019eef000 WatcherThread [stack: 0x000000001aac0000,0x000000001abc0000] [id=18060]

VM state:not at safepoint (normal execution)

VM Mutex/Monitor currently owned by a thread: None

Heap:
 PSYoungGen      total 36352K, used 35575K [0x00000000d7b80000, 0x00000000dc280000, 0x0000000100000000)
  eden space 31232K, 97% used [0x00000000d7b80000,0x00000000d9940ef8,0x00000000d9a00000)
  from space 5120K, 99% used [0x00000000d9a00000,0x00000000d9efcd78,0x00000000d9f00000)
  to   space 5120K, 0% used [0x00000000dbd80000,0x00000000dbd80000,0x00000000dc280000)
 ParOldGen       total 83456K, used 1785K [0x0000000087200000, 0x000000008c380000, 0x00000000d7b80000)
  object space 83456K, 2% used [0x0000000087200000,0x00000000873be608,0x000000008c380000)
 Metaspace       used 19157K, capacity 19944K, committed 19968K, reserved 1067008K
  class space    used 2394K, capacity 2560K, committed 2560K, reserved 1048576K

Card table byte_map: [0x0000000011d30000,0x0000000012100000] byte_map_base: 0x00000000118f7000

Marking Bits: (ParMarkBitMap*) 0x0000000063a8b6d0
 Begin Bits: [0x0000000012b90000, 0x00000000149c8000)
 End Bits:   [0x00000000149c8000, 0x0000000016800000)

Polling page: 0x0000000000850000

CodeCache: size=245760Kb used=4958Kb max_used=4958Kb free=240801Kb
 bounds [0x0000000002970000, 0x0000000002e50000, 0x0000000011970000]
 total_blobs=1849 nmethods=1486 adapters=274
 compilation: enabled

Compilation events (10 events):
Event: 1.900 Thread 0x0000000019875800 1484       4       java.util.Properties$LineReader::readLine (468 bytes)
Event: 1.901 Thread 0x00000000198be000 1485       4       java.util.Properties::loadConvert (505 bytes)
Event: 1.902 Thread 0x0000000019d26000 1486       3       java.util.Hashtable$Enumerator::next (27 bytes)
Event: 1.902 Thread 0x0000000019d26000 nmethod 1486 0x0000000002e46610 code [0x0000000002e467a0, 0x0000000002e46a38]
Event: 1.902 Thread 0x0000000019d26000 1489       3       java.util.Hashtable$Enumerator::nextElement (111 bytes)
Event: 1.902 Thread 0x0000000019d26000 nmethod 1489 0x0000000002e45e10 code [0x0000000002e45fa0, 0x0000000002e46408]
Event: 1.902 Thread 0x0000000019d26000 1487       1       java.util.Hashtable$Entry::getKey (5 bytes)
Event: 1.902 Thread 0x0000000019d26000 nmethod 1487 0x0000000002e45b50 code [0x0000000002e45ca0, 0x0000000002e45db0]
Event: 1.902 Thread 0x0000000019d26000 1488       1       java.util.Hashtable$Entry::getValue (5 bytes)
Event: 1.902 Thread 0x0000000019d26000 nmethod 1488 0x0000000002e45890 code [0x0000000002e459e0, 0x0000000002e45af0]

GC Heap History (6 events):
Event: 0.935 GC heap before
{Heap before GC invocations=1 (full 0):
 PSYoungGen      total 36352K, used 31232K [0x00000000d7b80000, 0x00000000da400000, 0x0000000100000000)
  eden space 31232K, 100% used [0x00000000d7b80000,0x00000000d9a00000,0x00000000d9a00000)
  from space 5120K, 0% used [0x00000000d9f00000,0x00000000d9f00000,0x00000000da400000)
  to   space 5120K, 0% used [0x00000000d9a00000,0x00000000d9a00000,0x00000000d9f00000)
 ParOldGen       total 83456K, used 0K [0x0000000087200000, 0x000000008c380000, 0x00000000d7b80000)
  object space 83456K, 0% used [0x0000000087200000,0x0000000087200000,0x000000008c380000)
 Metaspace       used 8578K, capacity 8814K, committed 9088K, reserved 1056768K
  class space    used 1014K, capacity 1087K, committed 1152K, reserved 1048576K
Event: 0.941 GC heap after
Heap after GC invocations=1 (full 0):
 PSYoungGen      total 36352K, used 4029K [0x00000000d7b80000, 0x00000000da400000, 0x0000000100000000)
  eden space 31232K, 0% used [0x00000000d7b80000,0x00000000d7b80000,0x00000000d9a00000)
  from space 5120K, 78% used [0x00000000d9a00000,0x00000000d9def520,0x00000000d9f00000)
  to   space 5120K, 0% used [0x00000000d9f00000,0x00000000d9f00000,0x00000000da400000)
 ParOldGen       total 83456K, used 8K [0x0000000087200000, 0x000000008c380000, 0x00000000d7b80000)
  object space 83456K, 0% used [0x0000000087200000,0x0000000087202000,0x000000008c380000)
 Metaspace       used 8578K, capacity 8814K, committed 9088K, reserved 1056768K
  class space    used 1014K, capacity 1087K, committed 1152K, reserved 1048576K
}
Event: 1.400 GC heap before
{Heap before GC invocations=2 (full 0):
 PSYoungGen      total 36352K, used 35261K [0x00000000d7b80000, 0x00000000da400000, 0x0000000100000000)
  eden space 31232K, 100% used [0x00000000d7b80000,0x00000000d9a00000,0x00000000d9a00000)
  from space 5120K, 78% used [0x00000000d9a00000,0x00000000d9def520,0x00000000d9f00000)
  to   space 5120K, 0% used [0x00000000d9f00000,0x00000000d9f00000,0x00000000da400000)
 ParOldGen       total 83456K, used 8K [0x0000000087200000, 0x000000008c380000, 0x00000000d7b80000)
  object space 83456K, 0% used [0x0000000087200000,0x0000000087202000,0x000000008c380000)
 Metaspace       used 12200K, capacity 12790K, committed 13056K, reserved 1060864K
  class space    used 1523K, capacity 1687K, committed 1792K, reserved 1048576K
Event: 1.406 GC heap after
Heap after GC invocations=2 (full 0):
 PSYoungGen      total 36352K, used 5111K [0x00000000d7b80000, 0x00000000da400000, 0x0000000100000000)
  eden space 31232K, 0% used [0x00000000d7b80000,0x00000000d7b80000,0x00000000d9a00000)
  from space 5120K, 99% used [0x00000000d9f00000,0x00000000da3fde18,0x00000000da400000)
  to   space 5120K, 0% used [0x00000000d9a00000,0x00000000d9a00000,0x00000000d9f00000)
 ParOldGen       total 83456K, used 16K [0x0000000087200000, 0x000000008c380000, 0x00000000d7b80000)
  object space 83456K, 0% used [0x0000000087200000,0x0000000087204000,0x000000008c380000)
 Metaspace       used 12200K, capacity 12790K, committed 13056K, reserved 1060864K
  class space    used 1523K, capacity 1687K, committed 1792K, reserved 1048576K
}
Event: 1.640 GC heap before
{Heap before GC invocations=3 (full 0):
 PSYoungGen      total 36352K, used 36343K [0x00000000d7b80000, 0x00000000da400000, 0x0000000100000000)
  eden space 31232K, 100% used [0x00000000d7b80000,0x00000000d9a00000,0x00000000d9a00000)
  from space 5120K, 99% used [0x00000000d9f00000,0x00000000da3fde18,0x00000000da400000)
  to   space 5120K, 0% used [0x00000000d9a00000,0x00000000d9a00000,0x00000000d9f00000)
 ParOldGen       total 83456K, used 16K [0x0000000087200000, 0x000000008c380000, 0x00000000d7b80000)
  object space 83456K, 0% used [0x0000000087200000,0x0000000087204000,0x000000008c380000)
 Metaspace       used 16100K, capacity 16770K, committed 17024K, reserved 1064960K
  class space    used 1971K, capacity 2113K, committed 2176K, reserved 1048576K
Event: 1.649 GC heap after
Heap after GC invocations=3 (full 0):
 PSYoungGen      total 36352K, used 5107K [0x00000000d7b80000, 0x00000000dc280000, 0x0000000100000000)
  eden space 31232K, 0% used [0x00000000d7b80000,0x00000000d7b80000,0x00000000d9a00000)
  from space 5120K, 99% used [0x00000000d9a00000,0x00000000d9efcd78,0x00000000d9f00000)
  to   space 5120K, 0% used [0x00000000dbd80000,0x00000000dbd80000,0x00000000dc280000)
 ParOldGen       total 83456K, used 1785K [0x0000000087200000, 0x000000008c380000, 0x00000000d7b80000)
  object space 83456K, 2% used [0x0000000087200000,0x00000000873be608,0x000000008c380000)
 Metaspace       used 16100K, capacity 16770K, committed 17024K, reserved 1064960K
  class space    used 1971K, capacity 2113K, committed 2176K, reserved 1048576K
}

Deoptimization events (10 events):
Event: 0.898 Thread 0x0000000002876000 Uncommon trap: reason=unstable_if action=reinterpret pc=0x0000000002b249b4 method=java.lang.String.indexOf([CII[CIII)I @ 3
Event: 0.942 Thread 0x0000000002876000 Uncommon trap: reason=range_check action=make_not_entrant pc=0x0000000002c0a360 method=sun.reflect.generics.parser.SignatureParser.current()C @ 34
Event: 1.170 Thread 0x0000000002876000 Uncommon trap: reason=unstable_if action=reinterpret pc=0x0000000002c5252c method=java.io.WinNTFileSystem.normalize(Ljava/lang/String;II)Ljava/lang/String; @ 8
Event: 1.211 Thread 0x0000000002876000 Uncommon trap: reason=unstable_if action=reinterpret pc=0x0000000002c0ad08 method=java.util.HashMap.getNode(ILjava/lang/Object;)Ljava/util/HashMap$Node; @ 129
Event: 1.519 Thread 0x0000000002876000 Uncommon trap: reason=unstable_if action=reinterpret pc=0x0000000002d4a89c method=org.springframework.util.ConcurrentReferenceHashMap$Segment.restructureIfNecessary(Z)V @ 21
Event: 1.690 Thread 0x0000000002876000 Uncommon trap: reason=unstable_if action=reinterpret pc=0x0000000002db0518 method=java.util.concurrent.ConcurrentHashMap.putVal(Ljava/lang/Object;Ljava/lang/Object;Z)Ljava/lang/Object; @ 206
Event: 1.784 Thread 0x000000001adaf000 Uncommon trap: reason=unstable_if action=reinterpret pc=0x0000000002cde6f8 method=jdk.internal.org.objectweb.asm.Type.getArgumentsAndReturnSizes(Ljava/lang/String;)I @ 47
Event: 1.857 Thread 0x0000000002876000 Uncommon trap: reason=unstable_if action=reinterpret pc=0x0000000002e058a0 method=java.util.WeakHashMap.expungeStaleEntries()V @ 9
Event: 1.902 Thread 0x0000000002876000 Uncommon trap: reason=unstable_if action=reinterpret pc=0x0000000002d3292c method=java.util.Hashtable$Enumerator.nextElement()Ljava/lang/Object; @ 71
Event: 1.902 Thread 0x0000000002876000 Uncommon trap: reason=unstable_if action=reinterpret pc=0x0000000002d3317c method=java.util.Hashtable$Enumerator.nextElement()Ljava/lang/Object; @ 71

Internal exceptions (10 events):
Event: 1.740 Thread 0x0000000002876000 Exception <a 'java/lang/ClassNotFoundException': org/springframework/context/ResourceLoaderAwareCustomizer> (0x00000000d8a66c98) thrown at [C:\re\workspace\8-2-build-windows-amd64-cygwin\jdk8u121\8372\hotspot\src\share\vm\classfile\systemDictionary.cpp, l
Event: 1.741 Thread 0x0000000002876000 Exception <a 'java/lang/ClassNotFoundException': org/springframework/beans/factory/AwareCustomizer> (0x00000000d8a7c058) thrown at [C:\re\workspace\8-2-build-windows-amd64-cygwin\jdk8u121\8372\hotspot\src\share\vm\classfile\systemDictionary.cpp, line 210]
Event: 1.741 Thread 0x0000000002876000 Exception <a 'java/lang/ClassNotFoundException': org/springframework/context/ApplicationStartupAwareCustomizer> (0x00000000d8a93cd0) thrown at [C:\re\workspace\8-2-build-windows-amd64-cygwin\jdk8u121\8372\hotspot\src\share\vm\classfile\systemDictionary.cp
Event: 1.741 Thread 0x0000000002876000 Exception <a 'java/lang/ClassNotFoundException': org/springframework/beans/factory/AwareCustomizer> (0x00000000d8ae31c8) thrown at [C:\re\workspace\8-2-build-windows-amd64-cygwin\jdk8u121\8372\hotspot\src\share\vm\classfile\systemDictionary.cpp, line 210]
Event: 1.742 Thread 0x0000000002876000 Exception <a 'java/lang/ClassNotFoundException': org/springframework/beans/factory/BeanClassLoaderAwareCustomizer> (0x00000000d8afb9c8) thrown at [C:\re\workspace\8-2-build-windows-amd64-cygwin\jdk8u121\8372\hotspot\src\share\vm\classfile\systemDictionary
Event: 1.742 Thread 0x0000000002876000 Exception <a 'java/lang/ClassNotFoundException': org/springframework/beans/factory/AwareCustomizer> (0x00000000d8b10d50) thrown at [C:\re\workspace\8-2-build-windows-amd64-cygwin\jdk8u121\8372\hotspot\src\share\vm\classfile\systemDictionary.cpp, line 210]
Event: 1.742 Thread 0x0000000002876000 Exception <a 'java/lang/ClassNotFoundException': org/springframework/context/EnvironmentAwareCustomizer> (0x00000000d8b26658) thrown at [C:\re\workspace\8-2-build-windows-amd64-cygwin\jdk8u121\8372\hotspot\src\share\vm\classfile\systemDictionary.cpp, line
Event: 1.743 Thread 0x0000000002876000 Exception <a 'java/lang/ClassNotFoundException': org/springframework/beans/factory/AwareCustomizer> (0x00000000d8b3b8c0) thrown at [C:\re\workspace\8-2-build-windows-amd64-cygwin\jdk8u121\8372\hotspot\src\share\vm\classfile\systemDictionary.cpp, line 210]
Event: 1.788 Thread 0x000000001adaf000 Exception <a 'java/lang/IncompatibleClassChangeError': Found class java.lang.Object, but interface was expected> (0x00000000d92b1e10) thrown at [C:\re\workspace\8-2-build-windows-amd64-cygwin\jdk8u121\8372\hotspot\src\share\vm\interpreter\linkResolver.cpp
Event: 1.867 Thread 0x0000000002876000 Exception <a 'java/lang/NoSuchMethodError': java.lang.Object.lambda$or$2(Ljava/util/function/Predicate;Ljava/lang/Object;)Z> (0x00000000d9726688) thrown at [C:\re\workspace\8-2-build-windows-amd64-cygwin\jdk8u121\8372\hotspot\src\share\vm\interpreter\link

Events (10 events):
Event: 1.902 Thread 0x0000000002876000 Uncommon trap: trap_request=0xffffff65 fr.pc=0x0000000002d3292c
Event: 1.902 Thread 0x0000000002876000 DEOPT PACKING pc=0x0000000002d3292c sp=0x00000000026fe870
Event: 1.902 Thread 0x0000000002876000 DEOPT UNPACKING pc=0x00000000029b582a sp=0x00000000026fe7b0 mode 2
Event: 1.902 Thread 0x0000000002876000 Uncommon trap: trap_request=0xffffff65 fr.pc=0x0000000002d3317c
Event: 1.902 Thread 0x0000000002876000 DEOPT PACKING pc=0x0000000002d3317c sp=0x00000000026fe810
Event: 1.902 Thread 0x0000000002876000 DEOPT UNPACKING pc=0x00000000029b582a sp=0x00000000026fe7a8 mode 2
Event: 1.903 loading class org/springframework/boot/autoconfigure/AutoConfigurationMetadataLoader$PropertiesAutoConfigurationMetadata
Event: 1.903 loading class org/springframework/boot/autoconfigure/AutoConfigurationMetadataLoader$PropertiesAutoConfigurationMetadata done
Event: 1.904 loading class org/springframework/boot/autoconfigure/condition/OnClassCondition$StandardOutcomesResolver
Event: 1.904 loading class org/springframework/boot/autoconfigure/condition/OnClassCondition$StandardOutcomesResolver done


Dynamic libraries:
0x00007ff76a310000 - 0x00007ff76a347000 	C:\Program Files\Java\jdk1.8.0_121\bin\java.exe
0x00007ffadee90000 - 0x00007ffadf085000 	C:\WINDOWS\SYSTEM32\ntdll.dll
0x00007ffadde30000 - 0x00007ffaddeee000 	C:\WINDOWS\System32\KERNEL32.DLL
0x00007ffadc740000 - 0x00007ffadca08000 	C:\WINDOWS\System32\KERNELBASE.dll
0x00007ffade390000 - 0x00007ffade43c000 	C:\WINDOWS\System32\ADVAPI32.dll
0x00007ffade100000 - 0x00007ffade19e000 	C:\WINDOWS\System32\msvcrt.dll
0x00007ffade990000 - 0x00007ffadea2b000 	C:\WINDOWS\System32\sechost.dll
0x00007ffaddfc0000 - 0x00007ffade0ea000 	C:\WINDOWS\System32\RPCRT4.dll
0x00007ffadd060000 - 0x00007ffadd201000 	C:\WINDOWS\System32\USER32.dll
0x00007ffadcdc0000 - 0x00007ffadcde2000 	C:\WINDOWS\System32\win32u.dll
0x00007ffadea30000 - 0x00007ffadea5b000 	C:\WINDOWS\System32\GDI32.dll
0x00007ffadca70000 - 0x00007ffadcb7b000 	C:\WINDOWS\System32\gdi32full.dll
0x00007ffadcdf0000 - 0x00007ffadce8d000 	C:\WINDOWS\System32\msvcp_win.dll
0x00007ffadc5b0000 - 0x00007ffadc6b0000 	C:\WINDOWS\System32\ucrtbase.dll
0x00007ffacb4d0000 - 0x00007ffacb76a000 	C:\WINDOWS\WinSxS\amd64_microsoft.windows.common-controls_6595b64144ccf1df_6.0.19041.1110_none_60b5254171f9507e\COMCTL32.dll
0x00007ffade890000 - 0x00007ffade8c0000 	C:\WINDOWS\System32\IMM32.DLL
0x0000000063d70000 - 0x0000000063e42000 	C:\Program Files\Java\jdk1.8.0_121\jre\bin\msvcr100.dll
0x0000000063270000 - 0x0000000063b0b000 	C:\Program Files\Java\jdk1.8.0_121\jre\bin\server\jvm.dll
0x00007ffadedc0000 - 0x00007ffadedc8000 	C:\WINDOWS\System32\PSAPI.DLL
0x00007ffad3150000 - 0x00007ffad3177000 	C:\WINDOWS\SYSTEM32\WINMM.dll
0x00007ffac24b0000 - 0x00007ffac24b9000 	C:\WINDOWS\SYSTEM32\WSOCK32.dll
0x00007ffad3710000 - 0x00007ffad371a000 	C:\WINDOWS\SYSTEM32\VERSION.dll
0x00007ffade8c0000 - 0x00007ffade92b000 	C:\WINDOWS\System32\WS2_32.dll
0x0000000063d60000 - 0x0000000063d6f000 	C:\Program Files\Java\jdk1.8.0_121\jre\bin\verify.dll
0x0000000063d30000 - 0x0000000063d59000 	C:\Program Files\Java\jdk1.8.0_121\jre\bin\java.dll
0x0000000063220000 - 0x0000000063243000 	C:\Program Files\Java\jdk1.8.0_121\jre\bin\instrument.dll
0x0000000063d10000 - 0x0000000063d26000 	C:\Program Files\Java\jdk1.8.0_121\jre\bin\zip.dll
0x00007ffadd210000 - 0x00007ffadd94f000 	C:\WINDOWS\System32\SHELL32.dll
0x00007ffada270000 - 0x00007ffadaa00000 	C:\WINDOWS\SYSTEM32\windows.storage.dll
0x00007ffade440000 - 0x00007ffade795000 	C:\WINDOWS\System32\combase.dll
0x00007ffadbf30000 - 0x00007ffadbf5e000 	C:\WINDOWS\SYSTEM32\Wldp.dll
0x00007ffadcfb0000 - 0x00007ffadd05d000 	C:\WINDOWS\System32\SHCORE.dll
0x00007ffade930000 - 0x00007ffade985000 	C:\WINDOWS\System32\shlwapi.dll
0x00007ffadc4f0000 - 0x00007ffadc50f000 	C:\WINDOWS\SYSTEM32\profapi.dll
0x00007ffabc1c0000 - 0x00007ffabc1da000 	C:\Program Files\JetBrains\IntelliJ IDEA Community Edition 2021.2.3\bin\breakgen64.dll
0x0000000063cf0000 - 0x0000000063d0a000 	C:\Program Files\Java\jdk1.8.0_121\jre\bin\net.dll
0x00007ffadbc90000 - 0x00007ffadbcfa000 	C:\WINDOWS\system32\mswsock.dll
0x0000000063210000 - 0x000000006321d000 	C:\Program Files\Java\jdk1.8.0_121\jre\bin\management.dll
0x00007ffac5fa0000 - 0x00007ffac5fb7000 	C:\WINDOWS\system32\napinsp.dll
0x00007ffac5f80000 - 0x00007ffac5f9b000 	C:\WINDOWS\system32\pnrpnsp.dll
0x00007ffac5f60000 - 0x00007ffac5f75000 	C:\WINDOWS\system32\wshbth.dll
0x00007ffad7930000 - 0x00007ffad794d000 	C:\WINDOWS\system32\NLAapi.dll
0x00007ffadb980000 - 0x00007ffadb9bb000 	C:\WINDOWS\SYSTEM32\IPHLPAPI.DLL
0x00007ffadb9c0000 - 0x00007ffadba8b000 	C:\WINDOWS\SYSTEM32\DNSAPI.dll
0x00007ffade880000 - 0x00007ffade888000 	C:\WINDOWS\System32\NSI.dll
0x00007ffac5f40000 - 0x00007ffac5f52000 	C:\WINDOWS\System32\winrnr.dll
0x00007ffad0580000 - 0x00007ffad058a000 	C:\Windows\System32\rasadhlp.dll
0x00007ffacce80000 - 0x00007ffacceff000 	C:\WINDOWS\System32\fwpuclnt.dll
0x00007ffadcc30000 - 0x00007ffadcc57000 	C:\WINDOWS\System32\bcrypt.dll
0x0000000063250000 - 0x0000000063261000 	C:\Program Files\Java\jdk1.8.0_121\jre\bin\nio.dll

VM Arguments:
jvm_args: -javaagent:C:\Program Files\JetBrains\IntelliJ IDEA Community Edition 2021.2.3\lib\idea_rt.jar=60671:C:\Program Files\JetBrains\IntelliJ IDEA Community Edition 2021.2.3\bin -Dfile.encoding=UTF-8 
java_command: alami.anto.test.springboot.SpringbootBackendApplication
java_class_path (initial): C:\Program Files\Java\jdk1.8.0_121\jre\lib\charsets.jar;C:\Program Files\Java\jdk1.8.0_121\jre\lib\deploy.jar;C:\Program Files\Java\jdk1.8.0_121\jre\lib\ext\access-bridge-64.jar;C:\Program Files\Java\jdk1.8.0_121\jre\lib\ext\cldrdata.jar;C:\Program Files\Java\jdk1.8.0_121\jre\lib\ext\dnsns.jar;C:\Program Files\Java\jdk1.8.0_121\jre\lib\ext\jaccess.jar;C:\Program Files\Java\jdk1.8.0_121\jre\lib\ext\jfxrt.jar;C:\Program Files\Java\jdk1.8.0_121\jre\lib\ext\localedata.jar;C:\Program Files\Java\jdk1.8.0_121\jre\lib\ext\nashorn.jar;C:\Program Files\Java\jdk1.8.0_121\jre\lib\ext\sunec.jar;C:\Program Files\Java\jdk1.8.0_121\jre\lib\ext\sunjce_provider.jar;C:\Program Files\Java\jdk1.8.0_121\jre\lib\ext\sunmscapi.jar;C:\Program Files\Java\jdk1.8.0_121\jre\lib\ext\sunpkcs11.jar;C:\Program Files\Java\jdk1.8.0_121\jre\lib\ext\zipfs.jar;C:\Program Files\Java\jdk1.8.0_121\jre\lib\javaws.jar;C:\Program Files\Java\jdk1.8.0_121\jre\lib\jce.jar;C:\Program Files\Java\jdk1.8.0_121\jre\lib\jfr.jar;C:\Program Files\Java\jdk1.8.0_121\jre\lib\jfxswt.jar;C:\Program Files\Java\jdk1.8.0_121\jre\lib\jsse.jar;C:\Program Files\Java\jdk1.8.0_121\jre\lib\management-agent.jar;C:\Program Files\Java\jdk1.8.0_121\jre\lib\plugin.jar;C:\Program Files\Java\jdk1.8.0_121\jre\lib\resources.jar;C:\Program Files\Java\jdk1.8.0_121\jre\lib\rt.jar;D:\Alami\springboot-backend\target\classes;C:\Users\LENOVO YOGA\.m2\repository\org\springframework\boot\spring-boot-starter-data-jpa\2.6.0\spring-boot-starter-data-jpa-2.6.0.jar;C:\Users\LENOVO YOGA\.m2\repository\org\springframework\boot\spring-boot-starter-aop\2.6.0\spring-boot-starter-aop-2.6.0.jar;C:\Users\LENOVO YOGA\.m2\repository\org\springframework\spring-aop\5.3.13\spring-aop-5.3.13.jar;C:\Users\LENOVO YOGA\.m2\repository\org\aspectj\aspectjweaver\1.9.7\aspectjweaver-1.9.7.jar;C:\Users\LENOVO YOGA\.m2\repository\org\springframework\boot\spring-boot-starter-jdbc\2.6.0\spring-boot-starter-jdbc-2.6.0.jar;C:\Users\LENOVO YOGA\.m2\reposi
Launcher Type: SUN_STANDARD

Environment Variables:
JAVA_HOME=C:\Program Files\Java\jdk1.8.0_121
PATH=C:\Python39\Scripts\;C:\Python39\;C:\ProgramData\Oracle\Java\javapath;C:\WINDOWS\system32;C:\WINDOWS;C:\WINDOWS\System32\Wbem;C:\WINDOWS\System32\WindowsPowerShell\v1.0\;C:\WINDOWS\System32\OpenSSH\;C:\Program Files\PuTTY\;C:\Program Files\nodejs\;C:\ProgramData\chocolatey\bin;D:\Ngadi2\AndroidStudioSdk\sdk\platform-tools;C:\Program Files\Git\cmd;C:\Program Files\MongoDB\Server\5.0\bin;C:\Program Files\Java\jre1.8.0_121;C:\Program Files\Java\jdk1.8.0_121;C:\Program Files\Java\jdk1.8.0_121\bin;C:\Users\LENOVO YOGA\AppData\Local\Microsoft\WindowsApps;C:\Users\LENOVO YOGA\AppData\Local\Programs\Microsoft VS Code\bin;C:\Users\LENOVO YOGA\AppData\Roaming\npm;D:\future\flutter\bin;
USERNAME=LENOVO YOGA
OS=Windows_NT
PROCESSOR_IDENTIFIER=AMD64 Family 23 Model 17 Stepping 0, AuthenticAMD



---------------  S Y S T E M  ---------------

OS: Windows 10.0 , 64 bit Build 19041 (10.0.19041.1348)

CPU:total 8 (8 cores per cpu, 1 threads per core) family 23 model 17 stepping 0, cmov, cx8, fxsr, mmx, sse, sse2, sse3, ssse3, sse4.1, sse4.2, popcnt, avx, avx2, aes, clmul, mmxext, 3dnowpref, lzcnt, sse4a, tsc, tscinvbit, tscinv, bmi1

Memory: 4k page, physical 7920208k(1405412k free), swap 32037456k(30184k free)

vm_info: Java HotSpot(TM) 64-Bit Server VM (25.121-b13) for windows-amd64 JRE (1.8.0_121-b13), built on Dec 12 2016 18:21:36 by "java_re" with MS VC++ 10.0 (VS2010)

time: Sun Nov 28 16:57:03 2021
elapsed time: 1 seconds (0d 0h 0m 1s)

